core/build/intermediates/manifest_merge_blame_file/debug/manifest-merger-blame-debug-report.txt
1<?xml version="1.0" encoding="utf-8"?>
2<!--
3  ~ Copyright (C) 2020 Veli Tasalı
4  ~
5  ~ This program is free software; you can redistribute it and/or
6  ~ modify it under the terms of the GNU General Public License
7  ~ as published by the Free Software Foundation; either version 2
8  ~ of the License, or (at your option) any later version.
9  ~
10  ~ This program is distributed in the hope that it will be useful,
11  ~ but WITHOUT ANY WARRANTY; without even the implied warranty of
12  ~ MERCHANTABILITY or FITNESS FOR A PARTICULAR PURPOSE.  See the
13  ~ GNU General Public License for more details.
14  ~
15  ~ You should have received a copy of the GNU General Public License
16  ~ along with this program; if not, write to the Free Software
17  ~ Foundation, Inc., 51 Franklin Street, Fifth Floor, Boston, MA  02110-1301, USA.
18-->
19<manifest xmlns:android="http://schemas.android.com/apk/res/android"
20    package="com.genonbeta.android.framework" >
21
22    <uses-sdk
23        android:minSdkVersion="14"
23-->src/main/AndroidManifest.xml
24        android:targetSdkVersion="30" />
24-->src/main/AndroidManifest.xml
25
26    <application />
26-->src/main/AndroidManifest.xml:20:5-19
27
28</manifest>